cell                    n_ev  n_bkt  market   model     gap             95% CI P(model better)
paris H=18                11     21  0.2492  0.0293 +0.2200 [+0.116,+0.323]         100.0%  <== beats (CI>0)
denver H=16               16     38  0.2320  0.1033 +0.1287 [-0.036,+0.274]          94.1%
paris H=16                29     70  0.2542  0.2048 +0.0494 [-0.024,+0.122]          90.9%
chicago H=16              10     27  0.1906  0.1581 +0.0324 [-0.047,+0.140]          77.8%
paris H=13                31     92  0.2117  0.1946 +0.0171 [-0.016,+0.055]          83.1%
denver H=13               22     79  0.2050  0.1931 +0.0119 [-0.029,+0.048]          72.8%
chicago H=13              25     82  0.1899  0.1899 +0.0001 [-0.040,+0.036]          49.6%
nyc H=16                  22     54  0.1818  0.1916 -0.0098 [-0.114,+0.120]          40.3%
chicago H=10              27     94  0.1774  0.1967 -0.0192 [-0.046,+0.005]           6.3%
denver H=10               22     75  0.2101  0.2356 -0.0255 [-0.069,+0.015]          11.3%
paris H=10                32    103  0.1867  0.2137 -0.0270 [-0.063,+0.012]           8.2%
hong_kong H=7             53    159  0.1794  0.2095 -0.0301 [-0.056,-0.003]           1.5%  (CI excludes 0: market)
nyc H=10                  37    107  0.2072  0.2380 -0.0308 [-0.076,+0.018]          10.5%
denver H=7                22     82  0.1897  0.2258 -0.0361 [-0.072,-0.003]           1.3%  (CI excludes 0: market)
tokyo H=7                 50    150  0.1767  0.2129 -0.0362 [-0.056,-0.017]           0.0%  (CI excludes 0: market)
tokyo H=10                44    126  0.1954  0.2323 -0.0369 [-0.063,-0.012]           0.2%  (CI excludes 0: market)
hong_kong H=10            50    130  0.2203  0.2586 -0.0383 [-0.080,+0.005]           4.3%
chicago H=7               27     96  0.1786  0.2174 -0.0388 [-0.066,-0.009]           0.4%  (CI excludes 0: market)
nyc H=13                  37    104  0.1918  0.2318 -0.0400 [-0.086,+0.011]           6.0%
nyc H=7                   37    111  0.1864  0.2389 -0.0525 [-0.093,-0.008]           1.1%  (CI excludes 0: market)
tokyo H=13                39     93  0.1605  0.2288 -0.0683 [-0.121,-0.015]           0.5%  (CI excludes 0: market)
paris H=7                 38    113  0.1734  0.2459 -0.0725 [-0.106,-0.039]           0.0%  (CI excludes 0: market)
hong_kong H=20             9     16  0.2082  0.2943 -0.0862 [-0.333,+0.104]          21.6%
nyc H=18                   9     24  0.1866  0.2780 -0.0914 [-0.198,+0.040]           8.1%
hong_kong H=13            44    104  0.1919  0.2930 -0.1011 [-0.166,-0.037]           0.1%  (CI excludes 0: market)
tokyo H=16                14     27  0.1818  0.2853 -0.1034 [-0.190,-0.028]           0.2%  (CI excludes 0: market)
tokyo H=20                10     18  0.1928  0.3157 -0.1229 [-0.291,+0.031]           6.5%
hong_kong H=16            16     35  0.1368  0.2789 -0.1421 [-0.224,-0.067]           0.0%  (CI excludes 0: market)
tokyo H=18                11     23  0.1682  0.3273 -0.1591 [-0.265,-0.058]           0.0%  (CI excludes 0: market)
hong_kong H=18            12     26  0.1745  0.3352 -0.1607 [-0.298,-0.044]           0.2%  (CI excludes 0: market)
nyc H=20                   7     21  0.1776  0.3389 -0.1613 [-0.346,+0.017]           3.8%

pooled slices (event-resampled):
  chicago+denver H=16                n_ev=  26 n_bkt=   65 market=0.2148 model=0.1260 gap=+0.0887 CI[-0.016,+0.190] P=96%
  inland(chi+den+nyc) H=16           n_ev=  48 n_bkt=  119 market=0.1998 model=0.1558 gap=+0.0440 CI[-0.034,+0.123] P=87%
  inland+paris H=16/18               n_ev=  79 n_bkt=  245 market=0.2169 model=0.1724 gap=+0.0445 CI[-0.009,+0.097] P=95%
  coastal(tokyo+hk) all hours        n_ev= 107 n_bkt=  907 market=0.1853 model=0.2470 gap=-0.0617 CI[-0.084,-0.040] P=0%  market (CI<0)
