cities=['chicago', 'denver', 'nyc']  hours=[13, 16, 18, 20]  months=[2, 3, 4, 5, 6]  spread=0.02  edge_gate=0.08  fee=0.0  kelly=0.05/0.025  gap_tol=2.0F
151 resolved in-scope events
fetching market history for 1463 bucket tokens...

evaluated 6256 (bucket,hour) cells; gated out: edge<0.08=5576, rel-spread=427, entry>0.7=58, market-gap=14
181 actionable signals

========================================================================
EDGE-2 STRATEGY P&L  (sequential bankroll, $10,000 start)
========================================================================
  trades=181  wins=101 (56%)  final bankroll=$23,065
  TOTAL P&L = $13,065  (+130.7% of start)
  max drawdown = $-2,573   avg $/trade = $72.2
  event-bootstrap 95% CI on total P&L: [$1,863, $24,866]  (excludes 0 (POSITIVE))

  by city (win rate):
    chicago      trades= 36  win=58%  pnl=$   3,088
    denver       trades= 57  win=67%  pnl=$   8,490
    nyc          trades= 88  win=48%  pnl=$   1,487

  by (city, hour):
    chicago      H=13  trades= 29  pnl=$     528
    chicago      H=16  trades=  7  pnl=$   2,560
    denver       H=13  trades= 26  pnl=$   1,376
    denver       H=16  trades= 29  pnl=$   7,401
    denver       H=18  trades=  2  pnl=$    -287
    nyc          H=13  trades= 43  pnl=$     512
    nyc          H=16  trades= 23  pnl=$   1,517
    nyc          H=18  trades= 10  pnl=$     339
    nyc          H=20  trades= 12  pnl=$    -881

  INLAND (chicago/denver/nyc): 181 trades  $13,065
  rest (coastal):              0 trades  $0
