cities=['nyc', 'chicago', 'denver', 'tokyo', 'paris', 'hong_kong']  hours=[7, 10, 13, 16, 18, 20]  months=[2, 3, 4, 5, 6]  spread=0.02  edge_gate=0.08  fee=0.0  kelly=0.05/0.025  gap_tol=2.0F
382 resolved in-scope events
fetching market history for 3784 bucket tokens...

evaluated 21224 (bucket,hour) cells; gated out: edge<0.08=17259, rel-spread=2727, entry>0.7=330, market-gap=102
806 actionable signals

========================================================================
EDGE-2 STRATEGY P&L  (sequential bankroll, $10,000 start)
========================================================================
  trades=806  wins=453 (56%)  final bankroll=$76,600
  TOTAL P&L = $66,600  (+666.0% of start)
  max drawdown = $-8,247   avg $/trade = $82.6
  event-bootstrap 95% CI on total P&L: [$3,231, $131,205]  (excludes 0 (POSITIVE))

  by city (win rate):
    chicago      trades= 81  win=57%  pnl=$   4,517
    denver       trades= 92  win=63%  pnl=$  15,522
    hong_kong    trades=142  win=55%  pnl=$  13,310
    nyc          trades=162  win=52%  pnl=$  20,228
    paris        trades=176  win=61%  pnl=$  21,562
    tokyo        trades=153  win=52%  pnl=$  -8,540

  by (city, hour):
    chicago      H= 7  trades= 26  pnl=$  -2,202
    chicago      H=10  trades= 26  pnl=$    -777
    chicago      H=13  trades= 25  pnl=$   4,728
    chicago      H=16  trades=  4  pnl=$   2,768
    denver       H= 7  trades= 19  pnl=$     -12
    denver       H=10  trades= 23  pnl=$   1,024
    denver       H=13  trades= 21  pnl=$   1,414
    denver       H=16  trades= 27  pnl=$  13,463
    denver       H=18  trades=  2  pnl=$    -367
    hong_kong    H= 7  trades= 42  pnl=$   5,866
    hong_kong    H=10  trades= 41  pnl=$  -1,953
    hong_kong    H=13  trades= 39  pnl=$   1,910
    hong_kong    H=16  trades=  9  pnl=$   1,450
    hong_kong    H=18  trades=  7  pnl=$   2,573
    hong_kong    H=20  trades=  4  pnl=$   3,464
    nyc          H= 7  trades= 42  pnl=$   2,341
    nyc          H=10  trades= 40  pnl=$   5,643
    nyc          H=13  trades= 37  pnl=$   8,207
    nyc          H=16  trades= 23  pnl=$   5,314
    nyc          H=18  trades=  9  pnl=$     187
    nyc          H=20  trades= 11  pnl=$  -1,464
    paris        H= 7  trades= 49  pnl=$  -2,618
    paris        H=10  trades= 41  pnl=$   1,572
    paris        H=13  trades= 36  pnl=$   4,280
    paris        H=16  trades= 30  pnl=$   3,488
    paris        H=18  trades= 16  pnl=$  14,898
    paris        H=20  trades=  4  pnl=$     -58
    tokyo        H= 7  trades= 52  pnl=$     880
    tokyo        H=10  trades= 47  pnl=$  -6,116
    tokyo        H=13  trades= 30  pnl=$     378
    tokyo        H=16  trades= 10  pnl=$   1,078
    tokyo        H=18  trades= 10  pnl=$  -4,146
    tokyo        H=20  trades=  4  pnl=$    -615

  INLAND (chicago/denver/nyc): 335 trades  $40,267
  rest (coastal):              471 trades  $26,333
